<?xml version="1.0" encoding="UTF-8"?>
<!-- Generated by org.testng.reporters.JUnitReportReporter -->
<testsuite hostname="DESKTOP-4OI215H" failures="0" tests="1" name="LoginData.LoginWithIncoorectInfo" time="16.080" errors="0" timestamp="19 Sep 2024 08:21:58 GMT" skipped="0">
  <testcase classname="LoginData.LoginWithIncoorectInfo" name="loginwithInCorrectInfoPassword" time="16.080"/>
</testsuite> <!-- LoginData.LoginWithIncoorectInfo -->
