<?xml version="1.0" encoding="UTF-8"?>
<!-- Generated by org.testng.reporters.JUnitReportReporter -->
<testsuite hostname="DESKTOP-4OI215H" failures="0" tests="3" name="LoginData.LoginWithCorrectInfo" time="77.913" errors="0" timestamp="19 Sep 2024 14:43:12 GMT" skipped="0">
  <testcase classname="LoginData.LoginWithCorrectInfo" name="loginwithCorrectInfoPassword" time="41.182"/>
  <testcase classname="LoginData.LoginWithCorrectInfo" name="loginwithCorrectInfoPassword" time="21.116"/>
  <testcase classname="LoginData.LoginWithCorrectInfo" name="loginwithCorrectInfoPassword" time="15.615"/>
</testsuite> <!-- LoginData.LoginWithCorrectInfo -->
