<?xml version="1.0" encoding="UTF-8"?>
<!-- Generated by org.testng.reporters.JUnitReportReporter -->
<testsuite hostname="DESKTOP-4OI215H" failures="0" tests="1" name="LoginData.IncorrectUsername" time="31.890" errors="0" timestamp="19 Sep 2024 08:21:57 GMT" skipped="0">
  <testcase classname="LoginData.IncorrectUsername" name="loginwithCorrectInfousername" time="31.890"/>
</testsuite> <!-- LoginData.IncorrectUsername -->
